Log file initialization successful.
main:312 | ERROR: Error logging tested
main:313 | WARN: Warning logging tested
main:314 | INFO: Info logging tested
In main function
Reverting back to stdout stream
Log file initialization successful.
main:311 | INFO: Entering function
main:312 | ERROR: Error logging tested
main:313 | WARN: Warning logging tested
main:314 | INFO: Info logging tested
main:315 | INFO: Debug logging tested
main:316 | INFO: Leaving function
In main function
Reverting back to stdout stream
Log file initialization successful.
/home/d7/Desktop/LinuxPrac/Framework/Src/LogLib/log.c:311 | INFO: Entering function
/home/d7/Desktop/LinuxPrac/Framework/Src/LogLib/log.c:312 | ERROR: Error logging tested
/home/d7/Desktop/LinuxPrac/Framework/Src/LogLib/log.c:313 | WARN: Warning logging tested
/home/d7/Desktop/LinuxPrac/Framework/Src/LogLib/log.c:314 | INFO: Info logging tested
/home/d7/Desktop/LinuxPrac/Framework/Src/LogLib/log.c:315 | INFO: Debug logging tested
/home/d7/Desktop/LinuxPrac/Framework/Src/LogLib/log.c:316 | INFO: Leaving function
In main function
Reverting back to stdout stream
Log file initialization successful.
/home/d7/Desktop/LinuxPrac/Framework/Src/LogLib/log.c:313 | DEBUG: Entering function
/home/d7/Desktop/LinuxPrac/Framework/Src/LogLib/log.c:314 | ERROR: Error logging tested
/home/d7/Desktop/LinuxPrac/Framework/Src/LogLib/log.c:315 | WARN : Warning logging tested
/home/d7/Desktop/LinuxPrac/Framework/Src/LogLib/log.c:316 | INFo : Info logging tested
/home/d7/Desktop/LinuxPrac/Framework/Src/LogLib/log.c:317 | DEBUG: Debug logging tested
/home/d7/Desktop/LinuxPrac/Framework/Src/LogLib/log.c:318 | DEBUG: Leaving function
In main function
Reverting back to stdout stream
Log file initialization successful.
/home/d7/Desktop/LinuxPrac/Framework/Src/LogLib/log.c:313 | DEBUG: Entering function
/home/d7/Desktop/LinuxPrac/Framework/Src/LogLib/log.c:314 | ERROR: Error logging tested
/home/d7/Desktop/LinuxPrac/Framework/Src/LogLib/log.c:315 | WARN : Warning logging tested
/home/d7/Desktop/LinuxPrac/Framework/Src/LogLib/log.c:316 | INFO : Info logging tested
/home/d7/Desktop/LinuxPrac/Framework/Src/LogLib/log.c:317 | DEBUG: Debug logging tested
/home/d7/Desktop/LinuxPrac/Framework/Src/LogLib/log.c:318 | DEBUG: Leaving function
In main function
Reverting back to stdout stream
Log file initialization successful.
/home/d7/Desktop/LinuxPrac/Framework/Src/LogLib/log.c:313 | DEBUG: Entering function
/home/d7/Desktop/LinuxPrac/Framework/Src/LogLib/log.c:314 | ERROR: Error logging tested
/home/d7/Desktop/LinuxPrac/Framework/Src/LogLib/log.c:315 | WARN : Warning logging tested
/home/d7/Desktop/LinuxPrac/Framework/Src/LogLib/log.c:316 | INFO : Info logging tested
/home/d7/Desktop/LinuxPrac/Framework/Src/LogLib/log.c:317 | DEBUG: Debug logging tested
/home/d7/Desktop/LinuxPrac/Framework/Src/LogLib/log.c:318 | DEBUG: Leaving function
In main function
Reverting back to stdout stream
Log file initialization successful.
/home/d7/Desktop/LinuxPrac/Framework/Src/LogLib/log.c:311 | DEBUG: Entering function
/home/d7/Desktop/LinuxPrac/Framework/Src/LogLib/log.c:312 | ERROR: Error logging tested
/home/d7/Desktop/LinuxPrac/Framework/Src/LogLib/log.c:313 | WARN : Warning logging tested
/home/d7/Desktop/LinuxPrac/Framework/Src/LogLib/log.c:314 | INFO : Info logging tested
/home/d7/Desktop/LinuxPrac/Framework/Src/LogLib/log.c:315 | DEBUG: Debug logging tested
/home/d7/Desktop/LinuxPrac/Framework/Src/LogLib/log.c:316 | DEBUG: Leaving function
In main function
Reverting back to stdout stream
